2025-10-29 21:40:38,459 | INFO | gold_forecasting_api | setup_logger:45 - Logger initialized for environment: local
2025-10-29 21:40:38,463 | DEBUG | h5py._conv | __getitem__:77 - Creating converter from 3 to 5
2025-10-29 21:43:46,482 | INFO | gold_forecasting_api | setup_logger:45 - Logger initialized for environment: local
2025-10-29 21:43:46,488 | DEBUG | h5py._conv | __getitem__:77 - Creating converter from 3 to 5
2025-10-29 21:43:56,696 | INFO | gold_forecasting_api | setup_logger:45 - Logger initialized for environment: local
2025-10-29 21:43:56,700 | DEBUG | h5py._conv | __getitem__:77 - Creating converter from 3 to 5
2025-10-29 21:44:20,627 | INFO | gold_forecasting_api | setup_logger:45 - Logger initialized for environment: local
2025-10-29 21:44:20,631 | DEBUG | h5py._conv | __getitem__:77 - Creating converter from 3 to 5
2025-10-29 21:44:27,056 | INFO | gold_forecasting_api | setup_logger:45 - Logger initialized for environment: local
2025-10-29 21:44:27,059 | DEBUG | h5py._conv | __getitem__:77 - Creating converter from 3 to 5
2025-10-29 21:47:14,274 | INFO | gold_forecasting_api | setup_logger:45 - Logger initialized for environment: local
2025-10-29 21:47:14,278 | DEBUG | h5py._conv | __getitem__:77 - Creating converter from 3 to 5
2025-10-29 21:48:26,647 | INFO | gold_forecasting_api | setup_logger:45 - Logger initialized for environment: local
2025-10-29 21:48:26,650 | DEBUG | h5py._conv | __getitem__:77 - Creating converter from 3 to 5
2025-10-29 21:50:02,823 | INFO | gold_forecasting_api | setup_logger:45 - Logger initialized for environment: local
2025-10-29 21:50:02,827 | DEBUG | h5py._conv | __getitem__:77 - Creating converter from 3 to 5
2025-10-29 21:51:06,245 | INFO | gold_forecasting_api | setup_logger:45 - Logger initialized for environment: local
2025-10-29 21:51:06,248 | DEBUG | h5py._conv | __getitem__:77 - Creating converter from 3 to 5
2025-10-29 21:54:03,576 | INFO | gold_forecasting_api | setup_logger:45 - Logger initialized for environment: local
2025-10-29 21:54:03,579 | DEBUG | h5py._conv | __getitem__:77 - Creating converter from 3 to 5
2025-10-29 21:55:27,955 | INFO | gold_forecasting_api | setup_logger:45 - Logger initialized for environment: local
2025-10-29 21:55:27,958 | DEBUG | h5py._conv | __getitem__:77 - Creating converter from 3 to 5
2025-10-29 21:56:08,202 | INFO | gold_forecasting_api | setup_logger:45 - Logger initialized for environment: local
2025-10-29 21:56:08,206 | DEBUG | h5py._conv | __getitem__:77 - Creating converter from 3 to 5
2025-10-29 22:00:33,129 | INFO | gold_forecasting_api | setup_logger:46 - Logger initialized for environment: local
2025-10-29 22:00:33,132 | DEBUG | h5py._conv | __getitem__:77 - Creating converter from 3 to 5
2025-10-29 22:02:31,259 | INFO | gold_forecasting_api | setup_logger:47 - Logger initialized for environment: local
2025-10-29 22:02:31,262 | DEBUG | h5py._conv | __getitem__:77 - Creating converter from 3 to 5
2025-10-30 15:54:39,919 | INFO | gold_forecasting_api | setup_logger:55 - Logger initialized for environment: local | Level: INFO
2025-10-30 15:54:40,292 | INFO | src_logger.api | <module>:51 - ✅ Model and metadata loaded successfully.
2025-10-30 16:12:42,278 | INFO | gold_forecasting_api | setup_logger:55 - Logger initialized for environment: local | Level: INFO
2025-10-30 16:12:42,662 | INFO | src_logger.api | <module>:51 - ✅ Model and metadata loaded successfully.
2025-10-30 16:13:55,569 | INFO | gold_forecasting_api | setup_logger:55 - Logger initialized for environment: local | Level: INFO
2025-10-30 16:13:55,758 | INFO | src_logger.api | <module>:51 - ✅ Model and metadata loaded successfully.
2025-10-30 16:16:46,067 | INFO | gold_forecasting_api | setup_logger:55 - Logger initialized for environment: local | Level: INFO
2025-10-30 16:16:46,069 | INFO | src_logger.api | <module>:21 - FastAPI app initialized
2025-10-30 16:16:46,650 | INFO | src_logger.api | <module>:52 - ✅ Model and metadata loaded successfully.
2025-10-30 16:18:25,518 | INFO | gold_forecasting_api | setup_logger:57 - Logger initialized for environment: local | Level: INFO
2025-10-30 16:18:25,520 | INFO | src_logger.api | <module>:21 - FastAPI app initialized
2025-10-30 16:18:25,799 | INFO | src_logger.api | <module>:52 - ✅ Model and metadata loaded successfully.
2025-10-30 16:18:33,464 | INFO | gold_forecasting_api | setup_logger:57 - Logger initialized for environment: local | Level: INFO
2025-10-30 16:18:33,465 | INFO | src_logger.api | <module>:21 - FastAPI app initialized
2025-10-30 16:18:33,676 | INFO | src_logger.api | <module>:52 - ✅ Model and metadata loaded successfully.
